<?xml version="1.0" encoding="UTF-8"?>
<testsuite name="blackjack.AppTest" tests="13" skipped="0" failures="0" errors="0" timestamp="2023-05-02T23:56:18" hostname="Jacks-MacBook-Pro.local" time="0.018">
  <properties/>
  <testcase name="payOutBlackJack" classname="blackjack.AppTest" time="0.008"/>
  <testcase name="userTestBust" classname="blackjack.AppTest" time="0.001"/>
  <testcase name="testAceCase" classname="blackjack.AppTest" time="0.0"/>
  <testcase name="overPayingLoanSharkTest" classname="blackjack.AppTest" time="0.0"/>
  <testcase name="userBetTest" classname="blackjack.AppTest" time="0.001"/>
  <testcase name="userStandTest" classname="blackjack.AppTest" time="0.0"/>
  <testcase name="payOutSequence" classname="blackjack.AppTest" time="0.004"/>
  <testcase name="userTestHandSize" classname="blackjack.AppTest" time="0.0"/>
  <testcase name="payOutLoseTest" classname="blackjack.AppTest" time="0.001"/>
  <testcase name="payingLoanSharkTest" classname="blackjack.AppTest" time="0.0"/>
  <testcase name="userLoanTest" classname="blackjack.AppTest" time="0.001"/>
  <testcase name="payOutTest" classname="blackjack.AppTest" time="0.001"/>
  <testcase name="payOutDrawTest" classname="blackjack.AppTest" time="0.0"/>
  <system-out><![CDATA[userWon
UserDrew
userLost
userLost
userWon
UserDrew
]]></system-out>
  <system-err><![CDATA[]]></system-err>
</testsuite>
